<?xml version="1.0" encoding="UTF-8"?>
<!-- Generated by org.testng.reporters.JUnitXMLReporter -->
<testsuite ignored="0" hostname="DESKTOP-86CSM53" failures="1" tests="1" name="validate tittle" time="12.998" errors="0" timestamp="2022-01-05T09:15:41 GMT+01:00">
  <testcase classname="Academy.ValidateTittle" name="ValidationTittle" time="5.302">
    <failure type="java.lang.AssertionError" message="expected [FEATURES TEXTS] but found [l.ValidateTittle().getText()]">
      <![CDATA[java.lang.AssertionError: expected [FEATURES TEXTS] but found [l.ValidateTittle().getText()]
at Academy.ValidateTittle.ValidationTittle(ValidateTittle.java:35)
at java.base/java.util.ArrayList.forEach(ArrayList.java:1511)
... Removed 33 stack frames]]>
    </failure>
  </testcase> <!-- ValidationTittle -->
</testsuite> <!-- validate tittle -->
