<?xml version="1.0" encoding="UTF-8"?>
<!-- Generated by org.testng.reporters.JUnitXMLReporter -->
<testsuite hostname="DESKTOP-86CSM53" name="Test" tests="4" failures="1" timestamp="8 Oct 2021 08:18:11 GMT" time="32.594" errors="0">
  <testcase name="validateAppNavBar" time="0.115" classname="Academy.validateNavigationBar"/>
  <testcase name="GetNavigationPage" time="10.082" classname="Academy.HomePage"/>
  <testcase name="GetNavigationPage" time="3.932" classname="Academy.HomePage"/>
  <testcase name="validateAppTitle" time="0.047" classname="Academy.validateTitle">
    <failure type="java.lang.AssertionError" message="expected [FEATU122RED COURSES] but found [FEATURED COURSES]">
      <![CDATA[java.lang.AssertionError: expected [FEATU122RED COURSES] but found [FEATURED COURSES]
	at Academy.validateTitle.validateAppTitle(validateTitle.java:43)
	at org.apache.maven.surefire.testng.TestNGExecutor.run(TestNGExecutor.java:283)
	at org.apache.maven.surefire.testng.TestNGXmlTestSuite.execute(TestNGXmlTestSuite.java:75)
	at org.apache.maven.surefire.testng.TestNGProvider.invoke(TestNGProvider.java:120)
	at org.apache.maven.surefire.booter.ForkedBooter.invokeProviderInSameClassLoader(ForkedBooter.java:386)
	at org.apache.maven.surefire.booter.ForkedBooter.runSuitesInProcess(ForkedBooter.java:323)
	at org.apache.maven.surefire.booter.ForkedBooter.main(ForkedBooter.java:143)
... Removed 26 stack frames]]>
    </failure>
  </testcase> <!-- validateAppTitle -->
</testsuite> <!-- Test -->
